CH_SYM_space.png
CH_SYM_exclam.png
CH_SYM_dquotes.png
CH_SYM_sharp.png
CH_SYM_dollar.png
CH_SYM_percent.png
CH_SYM_ampersand.png
CH_SYM_quote.png
CH_SYM_LParenthesis.png
CH_SYM_RParenthesis.png
CH_SYM_asterisk.png
CH_SYM_plus.png
CH_SYM_comma.png
CH_SYM_minus.png
CH_SYM_period.png
CH_SYM_slash.png
CH_NUM_0.png
CH_NUM_1.png
CH_NUM_2.png
CH_NUM_3.png
CH_NUM_4.png
CH_NUM_5.png
CH_NUM_6.png
CH_NUM_7.png
CH_NUM_8.png
CH_NUM_9.png
CH_SYM_colon.png
CH_SYM_semicolon.png
CH_SYM_less.png
CH_SYM_equal.png
CH_SYM_greater.png
CH_SYM_question.png
CH_SYM_at.png
CH_UPP_A.png
CH_UPP_B.png
CH_UPP_C.png
CH_UPP_D.png
CH_UPP_E.png
CH_UPP_F.png
CH_UPP_G.png
CH_UPP_H.png
CH_UPP_I.png
CH_UPP_J.png
CH_UPP_K.png
CH_UPP_L.png
CH_UPP_M.png
CH_UPP_N.png
CH_UPP_O.png
CH_UPP_P.png
CH_UPP_Q.png
CH_UPP_R.png
CH_UPP_S.png
CH_UPP_T.png
CH_UPP_U.png
CH_UPP_V.png
CH_UPP_W.png
CH_UPP_X.png
CH_UPP_Y.png
CH_UPP_Z.png
CH_SYM_LBracket.png
CH_SYM_backslash.png
CH_SYM_RBracket.png
CH_SYM_caret.png
CH_SYM_underscore.png
CH_SYM_grave.png
CH_LOW_a.png
CH_LOW_b.png
CH_LOW_c.png
CH_LOW_d.png
CH_LOW_e.png
CH_LOW_f.png
CH_LOW_g.png
CH_LOW_h.png
CH_LOW_i.png
CH_LOW_j.png
CH_LOW_k.png
CH_LOW_l.png
CH_LOW_m.png
CH_LOW_n.png
CH_LOW_o.png
CH_LOW_p.png
CH_LOW_q.png
CH_LOW_r.png
CH_LOW_s.png
CH_LOW_t.png
CH_LOW_u.png
CH_LOW_v.png
CH_LOW_w.png
CH_LOW_x.png
CH_LOW_y.png
CH_LOW_z.png
CH_SYM_LBrace.png
CH_SYM_pipe.png
CH_SYM_RBrace.png
CH_SYM_tilde.png